2026-04-06 12:16:25,478 [INFO] hophome.main — ============================================================
2026-04-06 12:16:25,478 [INFO] hophome.main — 🦘 HopHome starting...
2026-04-06 12:16:25,478 [INFO] hophome.main — ============================================================
2026-04-06 12:16:25,486 [INFO] modules.database — Database initialized.
2026-04-06 12:16:25,486 [INFO] hophome.main — Step 1/5 — Fetching listings from Domain.com.au...
2026-04-06 12:16:25,486 [INFO] modules.scraper — Scraping page 1: https://www.domain.com.au/rent/brisbane-region-qld/?bedrooms=2-any&price=0-600&excludedeposittaken=1&page=1
2026-04-06 12:16:40,680 [ERROR] modules.scraper — Scraping error on page 1: HTTPSConnectionPool(host='www.domain.com.au', port=443): Read timed out. (read timeout=15)
2026-04-06 12:16:40,680 [INFO] modules.scraper — Fetched 0 listings, 0 after filtering.
2026-04-06 12:16:40,680 [WARNING] hophome.main — No listings found. Exiting.
2026-04-07 18:35:29,855 [INFO] hophome.main — ============================================================
2026-04-07 18:35:29,855 [INFO] hophome.main — 🦘 HopHome starting...
2026-04-07 18:35:29,855 [INFO] hophome.main — ============================================================
2026-04-07 18:35:29,858 [INFO] modules.database — Database initialized.
2026-04-07 18:35:29,858 [INFO] hophome.main — Step 1/5 — Fetching listings from Domain.com.au...
2026-04-07 18:35:30,369 [INFO] modules.scraper — Domain API token obtained.
2026-04-07 18:35:30,370 [INFO] modules.scraper — Fetching page 1 from Domain API...
2026-04-07 18:35:31,204 [ERROR] modules.scraper — Domain API error 403: {
  "type": "https://developer.domain.com.au/docs/latest/conventions/access",
  "title": "Not Authorized",
  "detail": "Operation not permitted on project"
}
2026-04-07 18:35:31,205 [INFO] modules.scraper — Total: 0 listings, 0 after type filter.
2026-04-07 18:35:31,206 [WARNING] hophome.main — No listings found. Exiting.
2026-04-07 18:43:17,479 [INFO] hophome.main — ============================================================
2026-04-07 18:43:17,479 [INFO] hophome.main — 🦘 HopHome starting...
2026-04-07 18:43:17,479 [INFO] hophome.main — ============================================================
2026-04-07 18:43:17,482 [INFO] modules.database — Database initialized.
2026-04-07 18:43:17,482 [INFO] hophome.main — Step 1/5 — Fetching listings from Domain.com.au...
2026-04-07 18:43:18,088 [INFO] modules.scraper — Domain API token obtained.
2026-04-07 18:43:18,090 [INFO] modules.scraper — Fetching page 1 from Domain API...
2026-04-07 18:43:18,987 [ERROR] modules.scraper — Domain API error 403: {
  "type": "https://developer.domain.com.au/docs/latest/conventions/access",
  "title": "Not Authorized",
  "detail": "Operation not permitted on project"
}
2026-04-07 18:43:18,987 [INFO] modules.scraper — Total: 0 listings, 0 after type filter.
2026-04-07 18:43:18,988 [WARNING] hophome.main — No listings found. Exiting.
2026-04-07 18:44:27,994 [INFO] hophome.main — ============================================================
2026-04-07 18:44:27,994 [INFO] hophome.main — 🦘 HopHome starting...
2026-04-07 18:44:27,994 [INFO] hophome.main — ============================================================
2026-04-07 18:44:27,997 [INFO] modules.database — Database initialized.
2026-04-07 18:44:27,997 [INFO] hophome.main — Step 1/5 — Fetching listings from Domain.com.au...
2026-04-07 18:44:28,510 [INFO] modules.scraper — Domain API token obtained.
2026-04-07 18:44:28,511 [INFO] modules.scraper — Fetching page 1 from Domain API...
2026-04-07 18:44:29,994 [ERROR] modules.scraper — Domain API error 403: {
  "type": "https://developer.domain.com.au/docs/latest/conventions/access",
  "title": "Not Authorized",
  "detail": "Operation not permitted on project"
}
2026-04-07 18:44:29,994 [INFO] modules.scraper — Total: 0 listings, 0 after type filter.
2026-04-07 18:44:29,995 [WARNING] hophome.main — No listings found. Exiting.
2026-04-07 18:50:14,999 [INFO] hophome.main — ============================================================
2026-04-07 18:50:14,999 [INFO] hophome.main — 🦘 HopHome starting...
2026-04-07 18:50:14,999 [INFO] hophome.main — ============================================================
2026-04-07 18:50:15,002 [INFO] modules.database — Database initialized.
2026-04-07 18:50:15,002 [INFO] hophome.main — Step 1/5 — Fetching listings from Domain.com.au...
2026-04-07 18:50:15,484 [INFO] modules.scraper — Domain API token obtained.
2026-04-07 18:50:15,485 [INFO] modules.scraper — Fetching page 1 from Domain API...
2026-04-07 18:50:16,135 [ERROR] modules.scraper — Domain API: Unauthorized. Check credentials.
2026-04-07 18:50:16,135 [INFO] modules.scraper — Total: 0 listings, 0 after type filter.
2026-04-07 18:50:16,136 [WARNING] hophome.main — No listings found. Exiting.
2026-04-07 18:54:07,566 [INFO] hophome.main — ============================================================
2026-04-07 18:54:07,566 [INFO] hophome.main — 🦘 HopHome starting...
2026-04-07 18:54:07,566 [INFO] hophome.main — ============================================================
2026-04-07 18:54:07,569 [INFO] modules.database — Database initialized.
2026-04-07 18:54:07,569 [INFO] hophome.main — Step 1/5 — Fetching listings from Domain.com.au...
2026-04-07 18:54:08,038 [INFO] modules.scraper — Token response: {'access_token': '6f458a61c23b344d14c6c7a80a842176', 'expires_in': 43200, 'token_type': 'Bearer', 'scope': 'api_agencies_read api_listings_read'}
2026-04-07 18:54:08,038 [INFO] modules.scraper — Domain API token obtained.
2026-04-07 18:54:08,039 [INFO] modules.scraper — Fetching page 1 from Domain API...
2026-04-07 18:54:08,890 [ERROR] modules.scraper — Domain API: Unauthorized. Check credentials.
2026-04-07 18:54:08,890 [INFO] modules.scraper — Total: 0 listings, 0 after type filter.
2026-04-07 18:54:08,891 [WARNING] hophome.main — No listings found. Exiting.
2026-04-07 18:57:28,361 [INFO] hophome.main — ============================================================
2026-04-07 18:57:28,362 [INFO] hophome.main — 🦘 HopHome starting...
2026-04-07 18:57:28,362 [INFO] hophome.main — ============================================================
2026-04-07 18:57:28,365 [INFO] modules.database — Database initialized.
2026-04-07 18:57:28,365 [INFO] hophome.main — Step 1/5 — Fetching listings from Domain.com.au...
2026-04-07 18:57:29,213 [INFO] modules.scraper — Domain API token obtained.
2026-04-07 18:57:29,215 [INFO] modules.scraper — Running in SANDBOX mode.
2026-04-07 18:57:29,215 [INFO] modules.scraper — Fetching page 1 from Domain API...
2026-04-07 18:57:29,874 [ERROR] modules.scraper — Domain API: Unauthorized. Response: {
  "type": "https://developer.domain.com.au/docs/latest/conventions/access",
  "title": "Not Authorized",
  "detail": "Operation not allowed in environment [Sandbox]. Use [Primary]"
}
2026-04-07 18:57:29,875 [INFO] modules.scraper — Total: 0 listings, 0 after type filter.
2026-04-07 18:57:29,876 [WARNING] hophome.main — No listings found. Exiting.
2026-04-07 19:05:41,057 [INFO] hophome.main — ============================================================
2026-04-07 19:05:41,057 [INFO] hophome.main — 🦘 HopHome starting...
2026-04-07 19:05:41,057 [INFO] hophome.main — ============================================================
2026-04-07 19:05:41,060 [INFO] modules.database — Database initialized.
2026-04-07 19:05:41,060 [INFO] hophome.main — Step 1/5 — Fetching listings from Domain.com.au...
2026-04-07 19:05:41,396 [INFO] modules.scraper — Domain API token obtained.
2026-04-07 19:05:41,397 [INFO] modules.scraper — Fetching page 1 from Domain API...
2026-04-07 19:05:42,265 [ERROR] modules.scraper — Domain API error 403: {
  "type": "https://developer.domain.com.au/docs/latest/conventions/access",
  "title": "Not Authorized",
  "detail": "Operation not permitted on project"
}
2026-04-07 19:05:42,266 [WARNING] modules.scraper — API returned 0 listings — falling back to mock data.
2026-04-07 19:05:42,267 [INFO] modules.scraper — Using MOCK listings for testing.
2026-04-07 19:05:42,267 [INFO] hophome.main — Fetched 5 listings after filtering.
2026-04-07 19:05:42,267 [INFO] hophome.main — Processing 1/5: mock-001 — Fig Tree Pocket
2026-04-07 19:05:43,080 [INFO] modules.enrichment — ALA: loaded sightings for 1 suburbs.
2026-04-07 19:05:43,082 [INFO] modules.database — New listing: mock-001 — Fig Tree Pocket
2026-04-07 19:05:43,084 [INFO] modules.detector — [NEW] mock-001 — Fig Tree Pocket
2026-04-07 19:05:43,709 [INFO] modules.alerts — AUD/CZK rate: 14.7201
2026-04-07 19:05:43,958 [INFO] modules.alerts — Alert sent for mock-001 (new)
2026-04-07 19:05:43,959 [INFO] hophome.main — Processing 2/5: mock-002 — Fortitude Valley
2026-04-07 19:05:43,960 [INFO] modules.database — New listing: mock-002 — Fortitude Valley
2026-04-07 19:05:43,962 [INFO] modules.detector — [NEW] mock-002 — Fortitude Valley
2026-04-07 19:05:44,185 [INFO] modules.alerts — Alert sent for mock-002 (new)
2026-04-07 19:05:44,186 [INFO] hophome.main — Processing 3/5: mock-003 — Camp Hill
2026-04-07 19:05:44,187 [INFO] modules.database — New listing: mock-003 — Camp Hill
2026-04-07 19:05:44,189 [INFO] modules.detector — [NEW] mock-003 — Camp Hill
2026-04-07 19:05:44,456 [INFO] modules.alerts — Alert sent for mock-003 (new)
2026-04-07 19:05:44,457 [INFO] hophome.main — Processing 4/5: mock-004 — Graceville
2026-04-07 19:05:44,459 [INFO] modules.database — New listing: mock-004 — Graceville
2026-04-07 19:05:44,460 [INFO] modules.detector — [NEW] mock-004 — Graceville
2026-04-07 19:05:44,889 [INFO] modules.alerts — Alert sent for mock-004 (new)
2026-04-07 19:05:44,890 [INFO] hophome.main — Processing 5/5: mock-005 — Bardon
2026-04-07 19:05:44,892 [INFO] modules.database — New listing: mock-005 — Bardon
2026-04-07 19:05:44,893 [INFO] modules.detector — [NEW] mock-005 — Bardon
2026-04-07 19:05:45,120 [INFO] modules.alerts — Alert sent for mock-005 (new)
2026-04-07 19:05:45,121 [INFO] hophome.main — Done. Total: 5 | New: 5 | Price drops: 0
2026-04-07 19:21:57,093 [INFO] hophome.main — ============================================================
2026-04-07 19:21:57,093 [INFO] hophome.main — 🦘 HopHome starting...
2026-04-07 19:21:57,093 [INFO] hophome.main — ============================================================
2026-04-07 19:21:57,099 [INFO] modules.database — Database initialized.
2026-04-07 19:21:57,099 [INFO] hophome.main — Step 1/5 — Fetching listings from Domain.com.au...
2026-04-07 19:21:58,184 [INFO] modules.scraper — Domain API token obtained.
2026-04-07 19:21:58,185 [INFO] modules.scraper — Fetching page 1 from Domain API...
2026-04-07 19:21:59,112 [ERROR] modules.scraper — Domain API error 403: {
  "type": "https://developer.domain.com.au/docs/latest/conventions/access",
  "title": "Not Authorized",
  "detail": "Operation not permitted on project"
}
2026-04-07 19:21:59,113 [WARNING] modules.scraper — API returned 0 listings — falling back to mock data.
2026-04-07 19:21:59,114 [INFO] modules.scraper — Using MOCK listings for testing.
2026-04-07 19:21:59,114 [INFO] hophome.main — Fetched 5 listings after filtering.
2026-04-07 19:21:59,114 [INFO] hophome.main — Processing 1/5: mock-001 — Fig Tree Pocket
2026-04-07 19:22:03,640 [WARNING] modules.enrichment — Overpass school lookup failed: Expecting value: line 1 column 1 (char 0)
2026-04-07 19:22:07,203 [INFO] modules.enrichment — ALA: loaded sightings for 1 suburbs.
2026-04-07 19:22:07,204 [ERROR] hophome.main — Error processing listing mock-001: no such column: transit_cbd_mode
Traceback (most recent call last):
  File "/home/runner/work/hophome/hophome/main.py", line 74, in main
    db_result = upsert_listing(listing)
                ^^^^^^^^^^^^^^^^^^^^^^^
  File "/home/runner/work/hophome/hophome/modules/database.py", line 119, in upsert_listing
    conn.execute("""
sqlite3.OperationalError: no such column: transit_cbd_mode
2026-04-07 19:22:07,205 [INFO] hophome.main — Processing 2/5: mock-002 — Fortitude Valley
2026-04-07 19:22:16,657 [WARNING] modules.enrichment — Overpass hospital lookup failed: Expecting value: line 1 column 1 (char 0)
2026-04-07 19:22:16,659 [ERROR] hophome.main — Error processing listing mock-002: no such column: transit_cbd_mode
Traceback (most recent call last):
  File "/home/runner/work/hophome/hophome/main.py", line 74, in main
    db_result = upsert_listing(listing)
                ^^^^^^^^^^^^^^^^^^^^^^^
  File "/home/runner/work/hophome/hophome/modules/database.py", line 119, in upsert_listing
    conn.execute("""
sqlite3.OperationalError: no such column: transit_cbd_mode
2026-04-07 19:22:16,659 [INFO] hophome.main — Processing 3/5: mock-003 — Camp Hill
2026-04-07 19:22:26,542 [WARNING] modules.enrichment — Overpass school lookup failed: Expecting value: line 1 column 1 (char 0)
2026-04-07 19:22:27,278 [ERROR] hophome.main — Error processing listing mock-003: no such column: transit_cbd_mode
Traceback (most recent call last):
  File "/home/runner/work/hophome/hophome/main.py", line 74, in main
    db_result = upsert_listing(listing)
                ^^^^^^^^^^^^^^^^^^^^^^^
  File "/home/runner/work/hophome/hophome/modules/database.py", line 119, in upsert_listing
    conn.execute("""
sqlite3.OperationalError: no such column: transit_cbd_mode
2026-04-07 19:22:27,278 [INFO] hophome.main — Processing 4/5: mock-004 — Graceville
2026-04-07 19:22:32,549 [WARNING] modules.enrichment — Overpass school lookup failed: Expecting value: line 1 column 1 (char 0)
2026-04-07 19:22:37,567 [WARNING] modules.enrichment — Overpass hospital lookup failed: Expecting value: line 1 column 1 (char 0)
2026-04-07 19:22:37,569 [ERROR] hophome.main — Error processing listing mock-004: no such column: transit_cbd_mode
Traceback (most recent call last):
  File "/home/runner/work/hophome/hophome/main.py", line 74, in main
    db_result = upsert_listing(listing)
                ^^^^^^^^^^^^^^^^^^^^^^^
  File "/home/runner/work/hophome/hophome/modules/database.py", line 119, in upsert_listing
    conn.execute("""
sqlite3.OperationalError: no such column: transit_cbd_mode
2026-04-07 19:22:37,569 [INFO] hophome.main — Processing 5/5: mock-005 — Bardon
2026-04-07 19:22:42,587 [WARNING] modules.enrichment — Overpass school lookup failed: Expecting value: line 1 column 1 (char 0)
2026-04-07 19:22:46,983 [ERROR] hophome.main — Error processing listing mock-005: no such column: transit_cbd_mode
Traceback (most recent call last):
  File "/home/runner/work/hophome/hophome/main.py", line 74, in main
    db_result = upsert_listing(listing)
                ^^^^^^^^^^^^^^^^^^^^^^^
  File "/home/runner/work/hophome/hophome/modules/database.py", line 119, in upsert_listing
    conn.execute("""
sqlite3.OperationalError: no such column: transit_cbd_mode
2026-04-07 19:22:46,984 [INFO] hophome.main — Done. Total: 5 | New: 0 | Price drops: 0
2026-04-07 19:24:02,287 [INFO] hophome.main — ============================================================
2026-04-07 19:24:02,287 [INFO] hophome.main — 🦘 HopHome starting...
2026-04-07 19:24:02,287 [INFO] hophome.main — ============================================================
2026-04-07 19:24:02,291 [INFO] modules.database — Database initialized.
2026-04-07 19:24:02,291 [INFO] hophome.main — Step 1/5 — Fetching listings from Domain.com.au...
2026-04-07 19:24:03,023 [INFO] modules.scraper — Domain API token obtained.
2026-04-07 19:24:03,024 [INFO] modules.scraper — Fetching page 1 from Domain API...
2026-04-07 19:24:04,236 [ERROR] modules.scraper — Domain API error 403: {
  "type": "https://developer.domain.com.au/docs/latest/conventions/access",
  "title": "Not Authorized",
  "detail": "Operation not permitted on project"
}
2026-04-07 19:24:04,237 [WARNING] modules.scraper — API returned 0 listings — falling back to mock data.
2026-04-07 19:24:04,238 [INFO] modules.scraper — Using MOCK listings for testing.
2026-04-07 19:24:04,238 [INFO] hophome.main — Fetched 5 listings after filtering.
2026-04-07 19:24:04,238 [INFO] hophome.main — Processing 1/5: mock-001 — Fig Tree Pocket
2026-04-07 19:24:06,823 [INFO] modules.enrichment — ALA: loaded sightings for 1 suburbs.
2026-04-07 19:24:06,824 [ERROR] hophome.main — Error processing listing mock-001: no such column: transit_cbd_mode
Traceback (most recent call last):
  File "/home/runner/work/hophome/hophome/main.py", line 74, in main
    db_result = upsert_listing(listing)
                ^^^^^^^^^^^^^^^^^^^^^^^
  File "/home/runner/work/hophome/hophome/modules/database.py", line 119, in upsert_listing
    conn.execute("""
sqlite3.OperationalError: no such column: transit_cbd_mode
2026-04-07 19:24:06,825 [INFO] hophome.main — Processing 2/5: mock-002 — Fortitude Valley
2026-04-07 19:24:12,484 [WARNING] modules.enrichment — Overpass school lookup failed: Expecting value: line 1 column 1 (char 0)
2026-04-07 19:24:22,148 [WARNING] modules.enrichment — Overpass hospital lookup failed: Expecting value: line 1 column 1 (char 0)
2026-04-07 19:24:22,150 [ERROR] hophome.main — Error processing listing mock-002: no such column: transit_cbd_mode
Traceback (most recent call last):
  File "/home/runner/work/hophome/hophome/main.py", line 74, in main
    db_result = upsert_listing(listing)
                ^^^^^^^^^^^^^^^^^^^^^^^
  File "/home/runner/work/hophome/hophome/modules/database.py", line 119, in upsert_listing
    conn.execute("""
sqlite3.OperationalError: no such column: transit_cbd_mode
2026-04-07 19:24:22,150 [INFO] hophome.main — Processing 3/5: mock-003 — Camp Hill
2026-04-07 19:24:28,375 [WARNING] modules.enrichment — Overpass hospital lookup failed: Expecting value: line 1 column 1 (char 0)
2026-04-07 19:24:28,376 [ERROR] hophome.main — Error processing listing mock-003: no such column: transit_cbd_mode
Traceback (most recent call last):
  File "/home/runner/work/hophome/hophome/main.py", line 74, in main
    db_result = upsert_listing(listing)
                ^^^^^^^^^^^^^^^^^^^^^^^
  File "/home/runner/work/hophome/hophome/modules/database.py", line 119, in upsert_listing
    conn.execute("""
sqlite3.OperationalError: no such column: transit_cbd_mode
2026-04-07 19:24:28,377 [INFO] hophome.main — Processing 4/5: mock-004 — Graceville
2026-04-07 19:24:34,557 [WARNING] modules.enrichment — Overpass hospital lookup failed: Expecting value: line 1 column 1 (char 0)
2026-04-07 19:24:34,559 [ERROR] hophome.main — Error processing listing mock-004: no such column: transit_cbd_mode
Traceback (most recent call last):
  File "/home/runner/work/hophome/hophome/main.py", line 74, in main
    db_result = upsert_listing(listing)
                ^^^^^^^^^^^^^^^^^^^^^^^
  File "/home/runner/work/hophome/hophome/modules/database.py", line 119, in upsert_listing
    conn.execute("""
sqlite3.OperationalError: no such column: transit_cbd_mode
2026-04-07 19:24:34,559 [INFO] hophome.main — Processing 5/5: mock-005 — Bardon
2026-04-07 19:24:39,536 [WARNING] modules.enrichment — Overpass school lookup failed: Expecting value: line 1 column 1 (char 0)
2026-04-07 19:24:44,594 [WARNING] modules.enrichment — Overpass hospital lookup failed: Expecting value: line 1 column 1 (char 0)
2026-04-07 19:24:44,596 [ERROR] hophome.main — Error processing listing mock-005: no such column: transit_cbd_mode
Traceback (most recent call last):
  File "/home/runner/work/hophome/hophome/main.py", line 74, in main
    db_result = upsert_listing(listing)
                ^^^^^^^^^^^^^^^^^^^^^^^
  File "/home/runner/work/hophome/hophome/modules/database.py", line 119, in upsert_listing
    conn.execute("""
sqlite3.OperationalError: no such column: transit_cbd_mode
2026-04-07 19:24:44,596 [INFO] hophome.main — Done. Total: 5 | New: 0 | Price drops: 0
